<?xml version="1.0" encoding="UTF-8"?>
<!-- Generated by org.testng.reporters.JUnitXMLReporter -->
<testsuite ignored="2" hostname="DESKTOP-NEII4G1" failures="0" tests="1" name="Test(failed)" time="0.088" errors="0" timestamp="2023-05-23T09:54:38 IST">
  <testcase classname="testNGpackage2.Demo2" name="f1" time="0.023"/>
  <testcase classname="testNGpackage2.Demo2" name="f" time="0.0">
    <ignored/>
  </testcase> <!-- f -->
  <testcase classname="testNGpackage2.Demo2" name="e" time="0.0">
    <ignored/>
  </testcase> <!-- e -->
</testsuite> <!-- Test(failed) -->
