<?xml version="1.0" encoding="UTF-8"?>
<!-- Generated by org.testng.reporters.JUnitXMLReporter -->
<testsuite ignored="0" hostname="DESKTOP-NEII4G1" failures="0" tests="3" name="Test" time="36.639" errors="0" timestamp="2023-05-22T11:02:39 IST">
  <testcase classname="testNGpackage2.Test2" name="test2Method" time="12.266"/>
  <testcase classname="testNGpackage2.Test1" name="test1Method" time="16.644"/>
  <testcase classname="testNGpackage2.Test3" name="test3Method" time="7.631"/>
</testsuite> <!-- Test -->
