<?xml version="1.0" encoding="UTF-8"?>
<!-- Generated by org.testng.reporters.JUnitXMLReporter -->
<testsuite ignored="0" hostname="DESKTOP-NEII4G1" failures="0" tests="10" name="Default test" time="0.156" errors="0" timestamp="2023-05-26T10:20:38 IST">
  <testcase classname="testNGFlags.Flag3" name="method1" time="0.024"/>
  <testcase classname="testNGFlags.Flag3" name="method1" time="0.005"/>
  <testcase classname="testNGFlags.Flag3" name="method1" time="0.004"/>
  <testcase classname="testNGFlags.Flag3" name="method1" time="0.004"/>
  <testcase classname="testNGFlags.Flag3" name="method1" time="0.003"/>
  <testcase classname="testNGFlags.Flag3" name="method1" time="0.002"/>
  <testcase classname="testNGFlags.Flag3" name="method1" time="0.006"/>
  <testcase classname="testNGFlags.Flag3" name="method1" time="0.004"/>
  <testcase classname="testNGFlags.Flag3" name="method1" time="0.006"/>
  <testcase classname="testNGFlags.Flag3" name="method1" time="0.006"/>
</testsuite> <!-- Default test -->
