<?xml version="1.0" encoding="UTF-8"?>
<testng-results ignored="0" total="1" passed="1" failed="0" skipped="0">
  <reporter-output>
  </reporter-output>
  <suite started-at="2023-05-26T11:42:45 IST" name="Suite" finished-at="2023-05-26T11:42:48 IST" duration-ms="3135">
    <groups>
    </groups>
    <test started-at="2023-05-26T11:42:45 IST" name="ChromeTest" finished-at="2023-05-26T11:42:48 IST" duration-ms="3135">
      <class name="testNGExecution.SelectBrowser2">
        <test-method signature="method1(java.lang.String)[pri:0, instance:testNGExecution.SelectBrowser2@6af93788]" started-at="2023-05-26T11:42:45 IST" name="method1" finished-at="2023-05-26T11:42:48 IST" duration-ms="3067" status="PASS">
          <params>
            <param index="0">
              <value>
                <![CDATA[chrome]]>
              </value>
            </param>
          </params>
          <reporter-output>
          </reporter-output>
        </test-method> <!-- method1 -->
      </class> <!-- testNGExecution.SelectBrowser2 -->
    </test> <!-- ChromeTest -->
  </suite> <!-- Suite -->
</testng-results>
